#! /usr/bin/vvp
:ivl_version "11.0 (stable)";
:ivl_delay_selection "TYPICAL";
:vpi_time_precision - 12;
:vpi_module "/usr/lib/x86_64-linux-gnu/ivl/system.vpi";
:vpi_module "/usr/lib/x86_64-linux-gnu/ivl/vhdl_sys.vpi";
:vpi_module "/usr/lib/x86_64-linux-gnu/ivl/vhdl_textio.vpi";
:vpi_module "/usr/lib/x86_64-linux-gnu/ivl/v2005_math.vpi";
:vpi_module "/usr/lib/x86_64-linux-gnu/ivl/va_math.vpi";
S_0x556cce572360 .scope module, "shiftleftreg_tb" "shiftleftreg_tb" 2 2;
 .timescale -9 -12;
v0x556cce583ed0_0 .var "a_tb", 0 0;
v0x556cce583f90_0 .var "clk_tb", 0 0;
v0x556cce584060_0 .net "out_tb", 3 0, v0x556cce583c70_0;  1 drivers
v0x556cce584160_0 .var "rst_tb", 0 0;
S_0x556cce5724f0 .scope module, "u_shiftleftreg0" "shiftleftreg" 2 9, 3 1 0, S_0x556cce572360;
 .timescale -9 -12;
    .port_info 0 /INPUT 1 "clk";
    .port_info 1 /INPUT 1 "rst";
    .port_info 2 /INPUT 1 "a";
    .port_info 3 /OUTPUT 4 "out";
v0x556cce5387b0_0 .net "a", 0 0, v0x556cce583ed0_0;  1 drivers
v0x556cce538ba0_0 .net "clk", 0 0, v0x556cce583f90_0;  1 drivers
v0x556cce583c70_0 .var "out", 3 0;
v0x556cce583d60_0 .net "rst", 0 0, v0x556cce584160_0;  1 drivers
E_0x556cce573310 .event posedge, v0x556cce538ba0_0;
    .scope S_0x556cce5724f0;
T_0 ;
    %wait E_0x556cce573310;
    %load/vec4 v0x556cce583d60_0;
    %flag_set/vec4 8;
    %jmp/0xz  T_0.0, 8;
    %pushi/vec4 0, 0, 4;
    %assign/vec4 v0x556cce583c70_0, 0;
    %jmp T_0.1;
T_0.0 ;
    %load/vec4 v0x556cce583c70_0;
    %parti/s 3, 0, 2;
    %load/vec4 v0x556cce5387b0_0;
    %concat/vec4; draw_concat_vec4
    %store/vec4 v0x556cce583c70_0, 0, 4;
T_0.1 ;
    %jmp T_0;
    .thread T_0;
    .scope S_0x556cce572360;
T_1 ;
    %pushi/vec4 0, 0, 1;
    %store/vec4 v0x556cce584160_0, 0, 1;
    %pushi/vec4 0, 0, 1;
    %store/vec4 v0x556cce583f90_0, 0, 1;
    %delay 5000, 0;
    %pushi/vec4 1, 0, 1;
    %store/vec4 v0x556cce584160_0, 0, 1;
    %delay 5000, 0;
    %pushi/vec4 0, 0, 1;
    %store/vec4 v0x556cce584160_0, 0, 1;
    %pushi/vec4 1, 0, 1;
    %store/vec4 v0x556cce583ed0_0, 0, 1;
    %delay 5000, 0;
    %pushi/vec4 1, 0, 1;
    %store/vec4 v0x556cce583ed0_0, 0, 1;
    %delay 5000, 0;
    %pushi/vec4 0, 0, 1;
    %store/vec4 v0x556cce583ed0_0, 0, 1;
    %delay 5000, 0;
    %pushi/vec4 0, 0, 1;
    %store/vec4 v0x556cce583ed0_0, 0, 1;
    %end;
    .thread T_1;
    .scope S_0x556cce572360;
T_2 ;
    %vpi_call 2 38 "$dumpfile", "shiftleftreg.vcd" {0 0 0};
    %vpi_call 2 39 "$dumpvars", 32'sb00000000000000000000000000000000, S_0x556cce572360 {0 0 0};
    %end;
    .thread T_2;
    .scope S_0x556cce572360;
T_3 ;
    %delay 5000, 0;
    %load/vec4 v0x556cce583f90_0;
    %inv;
    %store/vec4 v0x556cce583f90_0, 0, 1;
    %jmp T_3;
    .thread T_3;
# The file index is used to find the file name in the following table.
:file_names 4;
    "N/A";
    "<interactive>";
    "shiftleftreg_tb.v";
    "shiftleftreg.v";
