#! /usr/bin/vvp
:ivl_version "11.0 (stable)";
:ivl_delay_selection "TYPICAL";
:vpi_time_precision + 0;
:vpi_module "/usr/lib/x86_64-linux-gnu/ivl/system.vpi";
:vpi_module "/usr/lib/x86_64-linux-gnu/ivl/vhdl_sys.vpi";
:vpi_module "/usr/lib/x86_64-linux-gnu/ivl/vhdl_textio.vpi";
:vpi_module "/usr/lib/x86_64-linux-gnu/ivl/v2005_math.vpi";
:vpi_module "/usr/lib/x86_64-linux-gnu/ivl/va_math.vpi";
S_0x55ba991ad390 .scope module, "tx" "tx" 2 1;
 .timescale 0 0;
    .port_info 0 /INPUT 1 "tx";
    .port_info 1 /INPUT 1 "clk";
    .port_info 2 /INPUT 1 "rst";
    .port_info 3 /INPUT 1 "ready_i";
    .port_info 4 /OUTPUT 1 "valid_o";
    .port_info 5 /OUTPUT 4 "data_o";
P_0x55ba99187620 .param/l "IDLE" 1 2 10, C4<00>;
P_0x55ba99187660 .param/l "TX" 1 2 11, C4<01>;
P_0x55ba991876a0 .param/l "VALID" 1 2 12, C4<10>;
o0x7f73033cf018 .functor BUFZ 1, C4<z>; HiZ drive
v0x55ba991ad680_0 .net "clk", 0 0, o0x7f73033cf018;  0 drivers
v0x55ba991d3640_0 .var "data_o", 3 0;
v0x55ba991d3720_0 .var "next_state", 1 0;
o0x7f73033cf0a8 .functor BUFZ 1, C4<z>; HiZ drive
v0x55ba991d37e0_0 .net "ready_i", 0 0, o0x7f73033cf0a8;  0 drivers
o0x7f73033cf0d8 .functor BUFZ 1, C4<z>; HiZ drive
v0x55ba991d38a0_0 .net "rst", 0 0, o0x7f73033cf0d8;  0 drivers
v0x55ba991d39b0_0 .var "state", 1 0;
o0x7f73033cf138 .functor BUFZ 1, C4<z>; HiZ drive
v0x55ba991d3a90_0 .net "tx", 0 0, o0x7f73033cf138;  0 drivers
v0x55ba991d3b50_0 .var "valid_o", 0 0;
E_0x55ba991bf190 .event posedge, v0x55ba991ad680_0;
E_0x55ba991a99b0 .event edge, v0x55ba991d39b0_0, v0x55ba991d38a0_0, v0x55ba991d3a90_0, v0x55ba991d37e0_0;
    .scope S_0x55ba991ad390;
T_0 ;
    %wait E_0x55ba991bf190;
    %load/vec4 v0x55ba991d38a0_0;
    %flag_set/vec4 8;
    %jmp/0xz  T_0.0, 8;
    %pushi/vec4 0, 0, 2;
    %assign/vec4 v0x55ba991d39b0_0, 0;
    %jmp T_0.1;
T_0.0 ;
    %load/vec4 v0x55ba991d3720_0;
    %assign/vec4 v0x55ba991d39b0_0, 0;
T_0.1 ;
    %jmp T_0;
    .thread T_0;
    .scope S_0x55ba991ad390;
T_1 ;
    %wait E_0x55ba991a99b0;
    %load/vec4 v0x55ba991d39b0_0;
    %dup/vec4;
    %pushi/vec4 0, 0, 2;
    %cmp/u;
    %jmp/1 T_1.0, 6;
    %dup/vec4;
    %pushi/vec4 1, 0, 2;
    %cmp/u;
    %jmp/1 T_1.1, 6;
    %dup/vec4;
    %pushi/vec4 2, 0, 2;
    %cmp/u;
    %jmp/1 T_1.2, 6;
    %pushi/vec4 0, 0, 2;
    %store/vec4 v0x55ba991d3720_0, 0, 2;
    %jmp T_1.4;
T_1.0 ;
    %load/vec4 v0x55ba991d38a0_0;
    %flag_set/vec4 8;
    %jmp/0 T_1.5, 8;
    %pushi/vec4 1, 0, 2;
    %jmp/1 T_1.6, 8;
T_1.5 ; End of true expr.
    %pushi/vec4 0, 0, 2;
    %jmp/0 T_1.6, 8;
 ; End of false expr.
    %blend;
T_1.6;
    %store/vec4 v0x55ba991d3720_0, 0, 2;
    %jmp T_1.4;
T_1.1 ;
    %load/vec4 v0x55ba991d3a90_0;
    %cmpi/e 1, 0, 1;
    %flag_mov 8, 4;
    %jmp/0 T_1.7, 8;
    %pushi/vec4 2, 0, 2;
    %jmp/1 T_1.8, 8;
T_1.7 ; End of true expr.
    %pushi/vec4 1, 0, 2;
    %jmp/0 T_1.8, 8;
 ; End of false expr.
    %blend;
T_1.8;
    %store/vec4 v0x55ba991d3720_0, 0, 2;
    %jmp T_1.4;
T_1.2 ;
    %load/vec4 v0x55ba991d37e0_0;
    %cmpi/e 1, 0, 1;
    %flag_mov 8, 4;
    %jmp/0 T_1.9, 8;
    %pushi/vec4 1, 0, 2;
    %jmp/1 T_1.10, 8;
T_1.9 ; End of true expr.
    %pushi/vec4 2, 0, 2;
    %jmp/0 T_1.10, 8;
 ; End of false expr.
    %blend;
T_1.10;
    %store/vec4 v0x55ba991d3720_0, 0, 2;
    %jmp T_1.4;
T_1.4 ;
    %pop/vec4 1;
    %jmp T_1;
    .thread T_1, $push;
    .scope S_0x55ba991ad390;
T_2 ;
    %wait E_0x55ba991bf190;
    %load/vec4 v0x55ba991d3a90_0;
    %flag_set/vec4 8;
    %jmp/0xz  T_2.0, 8;
    %load/vec4 v0x55ba991d39b0_0;
    %cmpi/e 2, 0, 2;
    %jmp/0xz  T_2.2, 4;
    %pushi/vec4 1, 0, 1;
    %assign/vec4 v0x55ba991d3b50_0, 0;
    %pushi/vec4 1, 0, 4;
    %assign/vec4 v0x55ba991d3640_0, 0;
    %jmp T_2.3;
T_2.2 ;
    %pushi/vec4 0, 0, 1;
    %assign/vec4 v0x55ba991d3b50_0, 0;
T_2.3 ;
    %jmp T_2.1;
T_2.0 ;
    %pushi/vec4 0, 0, 1;
    %assign/vec4 v0x55ba991d3b50_0, 0;
T_2.1 ;
    %jmp T_2;
    .thread T_2;
# The file index is used to find the file name in the following table.
:file_names 3;
    "N/A";
    "<interactive>";
    "tx.v";
