#! /usr/bin/vvp
:ivl_version "11.0 (stable)";
:ivl_delay_selection "TYPICAL";
:vpi_time_precision - 12;
:vpi_module "/usr/lib/x86_64-linux-gnu/ivl/system.vpi";
:vpi_module "/usr/lib/x86_64-linux-gnu/ivl/vhdl_sys.vpi";
:vpi_module "/usr/lib/x86_64-linux-gnu/ivl/vhdl_textio.vpi";
:vpi_module "/usr/lib/x86_64-linux-gnu/ivl/v2005_math.vpi";
:vpi_module "/usr/lib/x86_64-linux-gnu/ivl/va_math.vpi";
S_0x55df93039df0 .scope module, "counter_tb" "counter_tb" 2 2;
 .timescale -9 -12;
v0x55df93085440_0 .var "clk_tb", 0 0;
v0x55df93085510_0 .net "out_tb", 3 0, v0x55df9303bba0_0;  1 drivers
v0x55df930855e0_0 .var "rst_tb", 0 0;
S_0x55df93039f80 .scope module, "u_counter0" "counter" 2 19, 3 1 0, S_0x55df93039df0;
 .timescale -9 -12;
    .port_info 0 /INPUT 1 "rst";
    .port_info 1 /INPUT 1 "clk";
    .port_info 2 /OUTPUT 4 "out";
v0x55df9303b7b0_0 .net "clk", 0 0, v0x55df93085440_0;  1 drivers
v0x55df9303bba0_0 .var "out", 3 0;
v0x55df93085320_0 .net "rst", 0 0, v0x55df930855e0_0;  1 drivers
E_0x55df93075520 .event posedge, v0x55df9303b7b0_0;
    .scope S_0x55df93039f80;
T_0 ;
    %wait E_0x55df93075520;
    %load/vec4 v0x55df93085320_0;
    %flag_set/vec4 8;
    %jmp/0xz  T_0.0, 8;
    %pushi/vec4 0, 0, 4;
    %assign/vec4 v0x55df9303bba0_0, 0;
    %jmp T_0.1;
T_0.0 ;
    %load/vec4 v0x55df9303bba0_0;
    %addi 1, 0, 4;
    %assign/vec4 v0x55df9303bba0_0, 0;
T_0.1 ;
    %jmp T_0;
    .thread T_0;
    .scope S_0x55df93039df0;
T_1 ;
    %pushi/vec4 0, 0, 1;
    %store/vec4 v0x55df93085440_0, 0, 1;
    %pushi/vec4 0, 0, 1;
    %store/vec4 v0x55df930855e0_0, 0, 1;
    %delay 5000, 0;
    %pushi/vec4 1, 0, 1;
    %store/vec4 v0x55df930855e0_0, 0, 1;
    %delay 5000, 0;
    %pushi/vec4 0, 0, 1;
    %store/vec4 v0x55df930855e0_0, 0, 1;
    %delay 5000, 0;
    %end;
    .thread T_1;
    .scope S_0x55df93039df0;
T_2 ;
    %vpi_call 2 27 "$dumpfile", "counter.vcd" {0 0 0};
    %vpi_call 2 28 "$dumpvars", 32'sb00000000000000000000000000000000, S_0x55df93039df0 {0 0 0};
    %end;
    .thread T_2;
    .scope S_0x55df93039df0;
T_3 ;
    %delay 5000, 0;
    %load/vec4 v0x55df93085440_0;
    %inv;
    %store/vec4 v0x55df93085440_0, 0, 1;
    %jmp T_3;
    .thread T_3;
# The file index is used to find the file name in the following table.
:file_names 4;
    "N/A";
    "<interactive>";
    "counter_tb.v";
    "counter.v";
