#! /usr/bin/vvp
:ivl_version "11.0 (stable)";
:ivl_delay_selection "TYPICAL";
:vpi_time_precision - 12;
:vpi_module "/usr/lib/x86_64-linux-gnu/ivl/system.vpi";
:vpi_module "/usr/lib/x86_64-linux-gnu/ivl/vhdl_sys.vpi";
:vpi_module "/usr/lib/x86_64-linux-gnu/ivl/vhdl_textio.vpi";
:vpi_module "/usr/lib/x86_64-linux-gnu/ivl/v2005_math.vpi";
:vpi_module "/usr/lib/x86_64-linux-gnu/ivl/va_math.vpi";
S_0x5599dd1dbdf0 .scope module, "controller_tb" "controller_tb" 2 2;
 .timescale -9 -12;
v0x5599dd240c90_0 .net "data_c_tb", 0 0, v0x5599dd2401d0_0;  1 drivers
v0x5599dd240d50_0 .net "halt_tb", 0 0, v0x5599dd240290_0;  1 drivers
v0x5599dd240e20_0 .net "inc_pc_tb", 0 0, v0x5599dd240350_0;  1 drivers
v0x5599dd240f20_0 .net "ld_ac_tb", 0 0, v0x5599dd240410_0;  1 drivers
v0x5599dd240ff0_0 .net "ld_ir_tb", 0 0, v0x5599dd2404d0_0;  1 drivers
v0x5599dd241090_0 .net "ld_pc_tb", 0 0, v0x5599dd240590_0;  1 drivers
v0x5599dd241160_0 .var "opcode_tb", 2 0;
v0x5599dd241230_0 .var "phase_tb", 2 0;
v0x5599dd241300_0 .net "rd_tb", 0 0, v0x5599dd240810_0;  1 drivers
v0x5599dd2413d0_0 .net "sel_tb", 0 0, v0x5599dd2408d0_0;  1 drivers
v0x5599dd2414a0_0 .net "wr_tb", 0 0, v0x5599dd240990_0;  1 drivers
v0x5599dd241570_0 .var "zero_tb", 0 0;
S_0x5599dd1dbf80 .scope module, "u_controller0" "controller" 2 46, 3 1 0, S_0x5599dd1dbdf0;
 .timescale -9 -12;
    .port_info 0 /INPUT 1 "zero";
    .port_info 1 /INPUT 3 "phase";
    .port_info 2 /INPUT 3 "opcode";
    .port_info 3 /OUTPUT 1 "sel";
    .port_info 4 /OUTPUT 1 "rd";
    .port_info 5 /OUTPUT 1 "ld_ir";
    .port_info 6 /OUTPUT 1 "inc_pc";
    .port_info 7 /OUTPUT 1 "halt";
    .port_info 8 /OUTPUT 1 "ld_pc";
    .port_info 9 /OUTPUT 1 "data_c";
    .port_info 10 /OUTPUT 1 "ld_ac";
    .port_info 11 /OUTPUT 1 "wr";
v0x5599dd1ddba0_0 .var "A", 0 0;
v0x5599dd23fea0_0 .var "H", 0 0;
v0x5599dd23ff60_0 .var "J", 0 0;
v0x5599dd240000_0 .var "S", 0 0;
v0x5599dd2400c0_0 .var "Z", 0 0;
v0x5599dd2401d0_0 .var "data_c", 0 0;
v0x5599dd240290_0 .var "halt", 0 0;
v0x5599dd240350_0 .var "inc_pc", 0 0;
v0x5599dd240410_0 .var "ld_ac", 0 0;
v0x5599dd2404d0_0 .var "ld_ir", 0 0;
v0x5599dd240590_0 .var "ld_pc", 0 0;
v0x5599dd240650_0 .net "opcode", 2 0, v0x5599dd241160_0;  1 drivers
v0x5599dd240730_0 .net "phase", 2 0, v0x5599dd241230_0;  1 drivers
v0x5599dd240810_0 .var "rd", 0 0;
v0x5599dd2408d0_0 .var "sel", 0 0;
v0x5599dd240990_0 .var "wr", 0 0;
v0x5599dd240a50_0 .net "zero", 0 0, v0x5599dd241570_0;  1 drivers
E_0x5599dd21a940 .event edge, v0x5599dd240730_0;
E_0x5599dd21b7c0 .event edge, v0x5599dd240650_0;
    .scope S_0x5599dd1dbf80;
T_0 ;
    %wait E_0x5599dd21b7c0;
    %load/vec4 v0x5599dd240650_0;
    %cmpi/e 0, 0, 3;
    %flag_mov 8, 4;
    %jmp/0 T_0.0, 8;
    %pushi/vec4 1, 0, 2;
    %jmp/1 T_0.1, 8;
T_0.0 ; End of true expr.
    %pushi/vec4 0, 0, 2;
    %jmp/0 T_0.1, 8;
 ; End of false expr.
    %blend;
T_0.1;
    %pad/s 1;
    %store/vec4 v0x5599dd23fea0_0, 0, 1;
    %load/vec4 v0x5599dd240650_0;
    %pushi/vec4 1, 0, 3;
    %cmp/e;
    %flag_get/vec4 4;
    %load/vec4 v0x5599dd240a50_0;
    %pad/u 32;
    %pushi/vec4 1, 0, 32;
    %cmp/e;
    %flag_get/vec4 4;
    %and;
    %flag_set/vec4 8;
    %jmp/0 T_0.2, 8;
    %pushi/vec4 1, 0, 2;
    %jmp/1 T_0.3, 8;
T_0.2 ; End of true expr.
    %pushi/vec4 0, 0, 2;
    %jmp/0 T_0.3, 8;
 ; End of false expr.
    %blend;
T_0.3;
    %pad/s 1;
    %store/vec4 v0x5599dd2400c0_0, 0, 1;
    %load/vec4 v0x5599dd240650_0;
    %pushi/vec4 2, 0, 3;
    %cmp/e;
    %flag_get/vec4 4;
    %load/vec4 v0x5599dd240650_0;
    %pushi/vec4 3, 0, 3;
    %cmp/e;
    %flag_get/vec4 4;
    %or;
    %load/vec4 v0x5599dd240650_0;
    %pushi/vec4 4, 0, 3;
    %cmp/e;
    %flag_get/vec4 4;
    %or;
    %load/vec4 v0x5599dd240650_0;
    %pushi/vec4 5, 0, 3;
    %cmp/e;
    %flag_get/vec4 4;
    %or;
    %flag_set/vec4 8;
    %jmp/0 T_0.4, 8;
    %pushi/vec4 1, 0, 2;
    %jmp/1 T_0.5, 8;
T_0.4 ; End of true expr.
    %pushi/vec4 0, 0, 2;
    %jmp/0 T_0.5, 8;
 ; End of false expr.
    %blend;
T_0.5;
    %pad/s 1;
    %store/vec4 v0x5599dd1ddba0_0, 0, 1;
    %load/vec4 v0x5599dd240650_0;
    %cmpi/e 6, 0, 3;
    %flag_mov 8, 4;
    %jmp/0 T_0.6, 8;
    %pushi/vec4 1, 0, 2;
    %jmp/1 T_0.7, 8;
T_0.6 ; End of true expr.
    %pushi/vec4 0, 0, 2;
    %jmp/0 T_0.7, 8;
 ; End of false expr.
    %blend;
T_0.7;
    %pad/s 1;
    %store/vec4 v0x5599dd240000_0, 0, 1;
    %load/vec4 v0x5599dd240650_0;
    %cmpi/e 7, 0, 3;
    %flag_mov 8, 4;
    %jmp/0 T_0.8, 8;
    %pushi/vec4 1, 0, 2;
    %jmp/1 T_0.9, 8;
T_0.8 ; End of true expr.
    %pushi/vec4 0, 0, 2;
    %jmp/0 T_0.9, 8;
 ; End of false expr.
    %blend;
T_0.9;
    %pad/s 1;
    %store/vec4 v0x5599dd23ff60_0, 0, 1;
    %jmp T_0;
    .thread T_0, $push;
    .scope S_0x5599dd1dbf80;
T_1 ;
    %wait E_0x5599dd21a940;
    %load/vec4 v0x5599dd240730_0;
    %cmpi/e 0, 0, 3;
    %jmp/0xz  T_1.0, 4;
    %pushi/vec4 1, 0, 1;
    %store/vec4 v0x5599dd2408d0_0, 0, 1;
    %pushi/vec4 0, 0, 1;
    %store/vec4 v0x5599dd240810_0, 0, 1;
    %pushi/vec4 0, 0, 1;
    %store/vec4 v0x5599dd2404d0_0, 0, 1;
    %pushi/vec4 0, 0, 1;
    %store/vec4 v0x5599dd240350_0, 0, 1;
    %pushi/vec4 0, 0, 1;
    %store/vec4 v0x5599dd240290_0, 0, 1;
    %pushi/vec4 0, 0, 1;
    %store/vec4 v0x5599dd240590_0, 0, 1;
    %pushi/vec4 0, 0, 1;
    %store/vec4 v0x5599dd2401d0_0, 0, 1;
    %pushi/vec4 0, 0, 1;
    %store/vec4 v0x5599dd240410_0, 0, 1;
    %pushi/vec4 0, 0, 1;
    %store/vec4 v0x5599dd240990_0, 0, 1;
    %jmp T_1.1;
T_1.0 ;
    %load/vec4 v0x5599dd240730_0;
    %cmpi/e 1, 0, 3;
    %jmp/0xz  T_1.2, 4;
    %pushi/vec4 1, 0, 1;
    %store/vec4 v0x5599dd2408d0_0, 0, 1;
    %pushi/vec4 1, 0, 1;
    %store/vec4 v0x5599dd240810_0, 0, 1;
    %pushi/vec4 0, 0, 1;
    %store/vec4 v0x5599dd2404d0_0, 0, 1;
    %pushi/vec4 0, 0, 1;
    %store/vec4 v0x5599dd240350_0, 0, 1;
    %pushi/vec4 0, 0, 1;
    %store/vec4 v0x5599dd240290_0, 0, 1;
    %pushi/vec4 0, 0, 1;
    %store/vec4 v0x5599dd240590_0, 0, 1;
    %pushi/vec4 0, 0, 1;
    %store/vec4 v0x5599dd2401d0_0, 0, 1;
    %pushi/vec4 0, 0, 1;
    %store/vec4 v0x5599dd240410_0, 0, 1;
    %pushi/vec4 0, 0, 1;
    %store/vec4 v0x5599dd240990_0, 0, 1;
    %jmp T_1.3;
T_1.2 ;
    %load/vec4 v0x5599dd240730_0;
    %cmpi/e 2, 0, 3;
    %jmp/0xz  T_1.4, 4;
    %pushi/vec4 1, 0, 1;
    %store/vec4 v0x5599dd2408d0_0, 0, 1;
    %pushi/vec4 1, 0, 1;
    %store/vec4 v0x5599dd240810_0, 0, 1;
    %pushi/vec4 1, 0, 1;
    %store/vec4 v0x5599dd2404d0_0, 0, 1;
    %pushi/vec4 0, 0, 1;
    %store/vec4 v0x5599dd240350_0, 0, 1;
    %pushi/vec4 0, 0, 1;
    %store/vec4 v0x5599dd240290_0, 0, 1;
    %pushi/vec4 0, 0, 1;
    %store/vec4 v0x5599dd240590_0, 0, 1;
    %pushi/vec4 0, 0, 1;
    %store/vec4 v0x5599dd2401d0_0, 0, 1;
    %pushi/vec4 0, 0, 1;
    %store/vec4 v0x5599dd240410_0, 0, 1;
    %pushi/vec4 0, 0, 1;
    %store/vec4 v0x5599dd240990_0, 0, 1;
    %jmp T_1.5;
T_1.4 ;
    %load/vec4 v0x5599dd240730_0;
    %cmpi/e 3, 0, 3;
    %jmp/0xz  T_1.6, 4;
    %pushi/vec4 1, 0, 1;
    %store/vec4 v0x5599dd2408d0_0, 0, 1;
    %pushi/vec4 1, 0, 1;
    %store/vec4 v0x5599dd240810_0, 0, 1;
    %pushi/vec4 1, 0, 1;
    %store/vec4 v0x5599dd2404d0_0, 0, 1;
    %pushi/vec4 0, 0, 1;
    %store/vec4 v0x5599dd240350_0, 0, 1;
    %pushi/vec4 0, 0, 1;
    %store/vec4 v0x5599dd240290_0, 0, 1;
    %pushi/vec4 0, 0, 1;
    %store/vec4 v0x5599dd240590_0, 0, 1;
    %pushi/vec4 0, 0, 1;
    %store/vec4 v0x5599dd2401d0_0, 0, 1;
    %pushi/vec4 0, 0, 1;
    %store/vec4 v0x5599dd240410_0, 0, 1;
    %pushi/vec4 0, 0, 1;
    %store/vec4 v0x5599dd240990_0, 0, 1;
    %jmp T_1.7;
T_1.6 ;
    %load/vec4 v0x5599dd240730_0;
    %cmpi/e 4, 0, 3;
    %jmp/0xz  T_1.8, 4;
    %pushi/vec4 0, 0, 1;
    %store/vec4 v0x5599dd2408d0_0, 0, 1;
    %pushi/vec4 0, 0, 1;
    %store/vec4 v0x5599dd240810_0, 0, 1;
    %pushi/vec4 0, 0, 1;
    %store/vec4 v0x5599dd2404d0_0, 0, 1;
    %pushi/vec4 1, 0, 1;
    %store/vec4 v0x5599dd240350_0, 0, 1;
    %load/vec4 v0x5599dd23fea0_0;
    %store/vec4 v0x5599dd240290_0, 0, 1;
    %pushi/vec4 0, 0, 1;
    %store/vec4 v0x5599dd240590_0, 0, 1;
    %pushi/vec4 0, 0, 1;
    %store/vec4 v0x5599dd2401d0_0, 0, 1;
    %pushi/vec4 0, 0, 1;
    %store/vec4 v0x5599dd240410_0, 0, 1;
    %pushi/vec4 0, 0, 1;
    %store/vec4 v0x5599dd240990_0, 0, 1;
    %jmp T_1.9;
T_1.8 ;
    %load/vec4 v0x5599dd240730_0;
    %cmpi/e 5, 0, 3;
    %jmp/0xz  T_1.10, 4;
    %pushi/vec4 0, 0, 1;
    %store/vec4 v0x5599dd2408d0_0, 0, 1;
    %load/vec4 v0x5599dd1ddba0_0;
    %store/vec4 v0x5599dd240810_0, 0, 1;
    %pushi/vec4 0, 0, 1;
    %store/vec4 v0x5599dd2404d0_0, 0, 1;
    %pushi/vec4 0, 0, 1;
    %store/vec4 v0x5599dd240350_0, 0, 1;
    %pushi/vec4 0, 0, 1;
    %store/vec4 v0x5599dd240290_0, 0, 1;
    %pushi/vec4 0, 0, 1;
    %store/vec4 v0x5599dd240590_0, 0, 1;
    %pushi/vec4 0, 0, 1;
    %store/vec4 v0x5599dd2401d0_0, 0, 1;
    %pushi/vec4 0, 0, 1;
    %store/vec4 v0x5599dd240410_0, 0, 1;
    %pushi/vec4 0, 0, 1;
    %store/vec4 v0x5599dd240990_0, 0, 1;
    %jmp T_1.11;
T_1.10 ;
    %load/vec4 v0x5599dd240730_0;
    %cmpi/e 6, 0, 3;
    %jmp/0xz  T_1.12, 4;
    %pushi/vec4 0, 0, 1;
    %store/vec4 v0x5599dd2408d0_0, 0, 1;
    %load/vec4 v0x5599dd1ddba0_0;
    %store/vec4 v0x5599dd240810_0, 0, 1;
    %pushi/vec4 0, 0, 1;
    %store/vec4 v0x5599dd2404d0_0, 0, 1;
    %load/vec4 v0x5599dd2400c0_0;
    %store/vec4 v0x5599dd240350_0, 0, 1;
    %pushi/vec4 0, 0, 1;
    %store/vec4 v0x5599dd240290_0, 0, 1;
    %load/vec4 v0x5599dd23ff60_0;
    %store/vec4 v0x5599dd240590_0, 0, 1;
    %load/vec4 v0x5599dd240000_0;
    %store/vec4 v0x5599dd2401d0_0, 0, 1;
    %pushi/vec4 0, 0, 1;
    %store/vec4 v0x5599dd240410_0, 0, 1;
    %pushi/vec4 0, 0, 1;
    %store/vec4 v0x5599dd240990_0, 0, 1;
    %jmp T_1.13;
T_1.12 ;
    %pushi/vec4 0, 0, 1;
    %store/vec4 v0x5599dd2408d0_0, 0, 1;
    %load/vec4 v0x5599dd1ddba0_0;
    %store/vec4 v0x5599dd240810_0, 0, 1;
    %pushi/vec4 0, 0, 1;
    %store/vec4 v0x5599dd2404d0_0, 0, 1;
    %pushi/vec4 0, 0, 1;
    %store/vec4 v0x5599dd240350_0, 0, 1;
    %pushi/vec4 0, 0, 1;
    %store/vec4 v0x5599dd240290_0, 0, 1;
    %load/vec4 v0x5599dd23ff60_0;
    %store/vec4 v0x5599dd240590_0, 0, 1;
    %load/vec4 v0x5599dd240000_0;
    %store/vec4 v0x5599dd2401d0_0, 0, 1;
    %load/vec4 v0x5599dd1ddba0_0;
    %store/vec4 v0x5599dd240410_0, 0, 1;
    %load/vec4 v0x5599dd240000_0;
    %store/vec4 v0x5599dd240990_0, 0, 1;
T_1.13 ;
T_1.11 ;
T_1.9 ;
T_1.7 ;
T_1.5 ;
T_1.3 ;
T_1.1 ;
    %jmp T_1;
    .thread T_1, $push;
    .scope S_0x5599dd1dbdf0;
T_2 ;
    %pushi/vec4 0, 0, 1;
    %store/vec4 v0x5599dd241570_0, 0, 1;
    %pushi/vec4 0, 0, 3;
    %store/vec4 v0x5599dd241230_0, 0, 3;
    %pushi/vec4 0, 0, 3;
    %store/vec4 v0x5599dd241160_0, 0, 3;
    %delay 5000, 0;
    %pushi/vec4 1, 0, 3;
    %store/vec4 v0x5599dd241230_0, 0, 3;
    %delay 5000, 0;
    %pushi/vec4 0, 0, 1;
    %store/vec4 v0x5599dd241570_0, 0, 1;
    %pushi/vec4 3, 0, 3;
    %store/vec4 v0x5599dd241160_0, 0, 3;
    %delay 5000, 0;
    %pushi/vec4 0, 0, 3;
    %store/vec4 v0x5599dd241230_0, 0, 3;
    %delay 5000, 0;
    %pushi/vec4 1, 0, 1;
    %store/vec4 v0x5599dd241570_0, 0, 1;
    %pushi/vec4 1, 0, 3;
    %store/vec4 v0x5599dd241160_0, 0, 3;
    %delay 5000, 0;
    %pushi/vec4 6, 0, 3;
    %store/vec4 v0x5599dd241230_0, 0, 3;
    %delay 5000, 0;
    %pushi/vec4 0, 0, 1;
    %store/vec4 v0x5599dd241570_0, 0, 1;
    %pushi/vec4 5, 0, 3;
    %store/vec4 v0x5599dd241160_0, 0, 3;
    %delay 5000, 0;
    %pushi/vec4 7, 0, 3;
    %store/vec4 v0x5599dd241230_0, 0, 3;
    %delay 2000, 0;
    %end;
    .thread T_2;
    .scope S_0x5599dd1dbdf0;
T_3 ;
    %vpi_call 2 63 "$dumpfile", "controller.vcd" {0 0 0};
    %vpi_call 2 64 "$dumpvars", 32'sb00000000000000000000000000000000, S_0x5599dd1dbdf0 {0 0 0};
    %end;
    .thread T_3;
# The file index is used to find the file name in the following table.
:file_names 4;
    "N/A";
    "<interactive>";
    "controller_tb.v";
    "controller.v";
